<?xml version="1.0" encoding="UTF-8"?>
<!-- Generated by org.testng.reporters.JUnitReportReporter -->
<testsuite skipped="0" hostname="Nithesh-Gowda" name="com.oneDayCart.testScript.RemoveCartItemsTest" tests="1" failures="0" timestamp="2020-06-19T12:28:30 IST" time="86.499" errors="0">
  <testcase name="removecartItemTest" time="86.499" classname="com.oneDayCart.testScript.RemoveCartItemsTest"/>
  <system-out>
removing item from cart  </system-out>
</testsuite> <!-- com.oneDayCart.testScript.RemoveCartItemsTest -->
