<?xml version="1.0" encoding="UTF-8"?>
<!-- Generated by org.testng.reporters.JUnitReportReporter -->
<testsuite skipped="0" hostname="Nithesh-Gowda" name="com.oneDayCart.testScript.SearchBarTest" tests="1" failures="0" timestamp="2020-06-19T12:28:30 IST" time="139.391" errors="0">
  <testcase name="searchProductTest" time="139.391" classname="com.oneDayCart.testScript.SearchBarTest"/>
  <system-out>
entering the productRice products click on add to cart click on add to cart click on add to cart click on add to cart click on add to cart click on add to cart click on add to cart click on add to cart click on add to cart click on add to cart click on add to cart click on add to cart click on add to cart click on add to cart click on add to cart click on add to cart click on add to cart click on add to cart click on add to cart click on add to cart click on add to cart click on add to cart click on add to cart click on add to cart click on add to cart click on add to cart click on add to cart click on add to cart click on add to cart click on add to cart click on add to cart click on add to cart click on add to cart click on add to cart click on add to cart click on add to cart click on add to cart click on add to cart click on add to cart click on add to cart click on add to cart click on add to cart click on add to cart click on add to cart click on add to cart click on add to cart click on add to cart click on add to cart click on add to cart click on add to cart click on add to cart click on add to cart click on add to cart click on add to cart click on add to cart click on add to cart click on add to cart click on add to cart click on add to cart click on add to cart click on add to cart click on add to cart click on add to cart click on add to cart click on add to cart click on add to cart click on add to cart click on add to cart click on add to cart click on add to cart click on add to cart click on add to cart click on add to cart click on add to cart click on add to cart click on add to cart click on add to cart click on add to cart click on add to cart click on add to cart click on add to cart click on add to cart click on add to cart click on add to cart click on add to cart click on add to cart click on add to cart click on add to cart click on add to cart click on add to cart click on add to cart click on add to cart click on add to cart click on add to cart  </system-out>
</testsuite> <!-- com.oneDayCart.testScript.SearchBarTest -->
