<?xml version="1.0" encoding="UTF-8"?>
<!-- Generated by org.testng.reporters.JUnitReportReporter -->
<testsuite skipped="0" hostname="Nithesh-Gowda" name="com.oneDayCart.testScript.AddAllCartTest" tests="1" failures="0" timestamp="2020-06-19T12:28:30 IST" time="29.785" errors="0">
  <testcase name="addAllToCartTest" time="29.785" classname="com.oneDayCart.testScript.AddAllCartTest"/>
  <system-out>
click on add all to cart button  </system-out>
</testsuite> <!-- com.oneDayCart.testScript.AddAllCartTest -->
