<?xml version="1.0" encoding="UTF-8"?>
<!-- Generated by org.testng.reporters.JUnitReportReporter -->
<testsuite skipped="0" hostname="Nithesh-Gowda" name="com.oneDayCart.testScript.AddAllWishListTest" tests="1" failures="0" timestamp="2020-06-19T09:05:10 IST" time="74.728" errors="0">
  <testcase name="addAllToCartTest" time="74.728" classname="com.oneDayCart.testScript.AddAllWishListTest"/>
  <system-out>
click on add all to cart button  </system-out>
</testsuite> <!-- com.oneDayCart.testScript.AddAllWishListTest -->
