<?xml version="1.0" encoding="UTF-8"?>
<!-- Generated by org.testng.reporters.JUnitReportReporter -->
<testsuite skipped="0" hostname="Nithesh-Gowda" name="com.oneDayCart.testScript.SendWishListByMailTest" tests="1" failures="0" timestamp="2020-06-19T12:28:30 IST" time="31.345" errors="0">
  <testcase name="sendWishlistprodInMailTest" time="31.345" classname="com.oneDayCart.testScript.SendWishListByMailTest"/>
  <system-out>
click on share wish list button enter emails enter message click on share wishlist  </system-out>
</testsuite> <!-- com.oneDayCart.testScript.SendWishListByMailTest -->
