<?xml version="1.0" encoding="UTF-8"?>
<!-- Generated by org.testng.reporters.JUnitReportReporter -->
<testsuite skipped="0" hostname="Nithesh-Gowda" name="com.oneDayCart.testScript.DeleteWishListTest" tests="1" failures="0" timestamp="2020-06-19T12:28:30 IST" time="105.221" errors="0">
  <testcase name="deleteWishlistTest" time="105.221" classname="com.oneDayCart.testScript.DeleteWishListTest"/>
  <system-out>
move items to wishlist click on remove item Handling alert  </system-out>
</testsuite> <!-- com.oneDayCart.testScript.DeleteWishListTest -->
