<?xml version="1.0" encoding="UTF-8"?>
<!-- Generated by org.testng.reporters.JUnitReportReporter -->
<testsuite skipped="0" hostname="Nithesh-Gowda" name="com.oneDayCart.testScript.moveCompare" tests="1" failures="0" timestamp="2020-06-19T12:28:30 IST" time="57.711" errors="0">
  <testcase name="Comp" time="57.711" classname="com.oneDayCart.testScript.moveCompare"/>
  <system-out>
click on blend oil compared the name  </system-out>
</testsuite> <!-- com.oneDayCart.testScript.moveCompare -->
