<?xml version="1.0" encoding="UTF-8"?>
<!-- Generated by org.testng.reporters.JUnitReportReporter -->
<testsuite skipped="0" hostname="Nithesh-Gowda" name="com.oneDayCart.testScript.myWallet" tests="1" failures="0" timestamp="2020-06-19T08:05:48 IST" time="96.949" errors="0">
  <testcase name="myWallet" time="96.949" classname="com.oneDayCart.testScript.myWallet"/>
  <system-out>
click on my wallet cash my wallet is opened  </system-out>
</testsuite> <!-- com.oneDayCart.testScript.myWallet -->
