<?xml version="1.0" encoding="UTF-8"?>
<!-- Generated by org.testng.reporters.JUnitReportReporter -->
<testsuite skipped="0" hostname="Nithesh-Gowda" name="com.oneDayCart.testScript.ClearCartTest" tests="1" failures="0" timestamp="2020-06-19T12:28:30 IST" time="121.437" errors="0">
  <testcase name="clearcartTest" time="121.437" classname="com.oneDayCart.testScript.ClearCartTest"/>
  <system-out>
cleared cart items  </system-out>
</testsuite> <!-- com.oneDayCart.testScript.ClearCartTest -->
