<?xml version="1.0" encoding="UTF-8"?>
<!-- Generated by org.testng.reporters.JUnitReportReporter -->
<testsuite skipped="0" hostname="Nithesh-Gowda" name="com.oneDayCart.testScript.scrollMoveTop" tests="1" failures="0" timestamp="2020-06-19T12:28:30 IST" time="17.257" errors="0">
  <testcase name="scrollTop" time="17.257" classname="com.oneDayCart.testScript.scrollMoveTop"/>
  <system-out>
click on scroll up button click on my cart link  </system-out>
</testsuite> <!-- com.oneDayCart.testScript.scrollMoveTop -->
